<?xml version="1.0" encoding="UTF-8"?>
<!-- Generated by org.testng.reporters.JUnitReportReporter -->
<testsuite hostname="LP95" failures="0" tests="2" name="Runner.CucmberRunner" time="23.132" errors="0" timestamp="2024-04-01T15:35:49 IST" skipped="0">
  <testcase classname="Runner.CucmberRunner" name="runScenario" time="9.426"/>
  <testcase classname="Runner.CucmberRunner" name="runScenario" time="13.706"/>
</testsuite> <!-- Runner.CucmberRunner -->
