<?xml version="1.0" encoding="UTF-8"?>
<!-- Generated by org.testng.reporters.JUnitReportReporter -->
<testsuite hostname="LP95" failures="0" tests="2" name="Runner.CucmberRunner" time="24.501" errors="0" timestamp="2024-03-28T17:08:16 IST" skipped="0">
  <testcase classname="Runner.CucmberRunner" name="runScenario" time="9.124"/>
  <testcase classname="Runner.CucmberRunner" name="runScenario" time="15.377"/>
</testsuite> <!-- Runner.CucmberRunner -->
