<?xml version="1.0" encoding="UTF-8"?>
<!-- Generated by org.testng.reporters.JUnitReportReporter -->
<testsuite hostname="DESKTOP-KVOUA9J" failures="0" tests="1" name="Runner.CucmberRunner" time="7.948" errors="0" timestamp="2024-03-26T23:44:32 IST" skipped="0">
  <testcase classname="Runner.CucmberRunner" name="runScenario" time="7.948"/>
</testsuite> <!-- Runner.CucmberRunner -->
