<?xml version="1.0" encoding="UTF-8"?>
<!-- Generated by org.testng.reporters.JUnitReportReporter -->
<testsuite hostname="DESKTOP-KVOUA9J" failures="0" tests="1" name="Runner.CucmberRunner" time="0.184" errors="0" timestamp="2024-03-30T20:30:08 IST" skipped="0">
  <testcase classname="Runner.CucmberRunner" name="runScenario" time="0.184"/>
</testsuite> <!-- Runner.CucmberRunner -->
